<?xml version="1.0" encoding="UTF-8"?>
<testng-results ignored="0" total="1" passed="1" failed="0" skipped="0">
  <reporter-output>
  </reporter-output>
  <suite started-at="2024-02-27T15:33:14 IST" name="Default suite" finished-at="2024-02-27T15:33:39 IST" duration-ms="25556">
    <groups>
    </groups>
    <test started-at="2024-02-27T15:33:14 IST" name="Default test" finished-at="2024-02-27T15:33:39 IST" duration-ms="25556">
      <class name="finalsel.Projorng">
        <test-method signature="f()[pri:0, instance:finalsel.Projorng@29647f75]" started-at="2024-02-27T15:33:14 IST" name="f" finished-at="2024-02-27T15:33:39 IST" duration-ms="25469" status="PASS">
          <reporter-output>
          </reporter-output>
        </test-method> <!-- f -->
      </class> <!-- finalsel.Projorng -->
    </test> <!-- Default test -->
  </suite> <!-- Default suite -->
</testng-results>
